com.hrm.scripts.CreateDeleteEmployee 2017-02-18 18:38:51,043 com.hrm.common.BaseTest.initFrameWork(BaseTest.java:58) Initializing Framework 
com.hrm.scripts.CreateDeleteEmployee 2017-02-18 18:38:51,728 com.hrm.common.BaseTest.initBrowser(BaseTest.java:81) Execution started in the Browser:firefox 
com.hrm.scripts.CreateDeleteEmployee 2017-02-18 18:38:51,741 com.hrm.common.BaseTest.initApplication(BaseTest.java:98) Opening Application 
com.hrm.scripts.CreateDeleteEmployee 2017-02-18 18:39:01,077 com.hrm.common.BaseTest.preCondition(BaseTest.java:131) Implicit Login 
com.hrm.scripts.CreateDeleteEmployee 2017-02-18 18:39:35,223 com.hrm.common.BaseTest.postCondition(BaseTest.java:155) Implicit Logout 
com.hrm.scripts.CreateDeleteEmployee 2017-02-18 18:39:37,002 com.hrm.common.BaseTest.closeApplication(BaseTest.java:119) Closing Application 
com.hrm.scripts.CreateDeleteEmployee 2017-02-18 18:39:37,939 com.hrm.common.BaseTest.closeBrowser(BaseTest.java:90) Execution ended in the Browser:firefox 
com.hrm.scripts.CreateDeleteEmployee 2017-02-18 18:39:37,960 com.hrm.common.BaseTest.closeFrameWork(BaseTest.java:72) Closing Framework 
pageObject_Component.VerifyLoginLogout 2017-02-20 17:15:35,078 generics_component.BaseTest.initFrameWork(BaseTest.java:59) Initializing Framework 
pageObject_Component.VerifyLoginLogout 2017-02-20 17:15:35,532 generics_component.BaseTest.initBrowser(BaseTest.java:82) Execution started in the Browser:firefox 
pageObject_Component.VerifyLoginLogout 2017-02-20 17:15:35,541 generics_component.BaseTest.initApplication(BaseTest.java:99) Opening Application 
pageObject_Component.VerifyLoginLogout 2017-02-20 17:19:26,723 generics_component.BaseTest.initFrameWork(BaseTest.java:59) Initializing Framework 
pageObject_Component.VerifyLoginLogout 2017-02-20 17:19:27,175 generics_component.BaseTest.initBrowser(BaseTest.java:82) Execution started in the Browser:firefox 
pageObject_Component.VerifyLoginLogout 2017-02-20 17:19:27,185 generics_component.BaseTest.initApplication(BaseTest.java:99) Opening Application 
pageObject_Component.VerifyLoginLogout 2017-02-20 17:19:41,518 generics_component.BaseTest.preCondition(BaseTest.java:142) Explicit Login 
pageObject_Component.VerifyLoginLogout 2017-02-20 17:20:16,595 generics_component.BaseTest.postCondition(BaseTest.java:168) Explicit Logout 
pageObject_Component.VerifyLoginLogout 2017-02-20 17:20:16,608 generics_component.BaseTest.closeApplication(BaseTest.java:120) Closing Application 
pageObject_Component.VerifyLoginLogout 2017-02-20 17:20:19,466 generics_component.BaseTest.closeBrowser(BaseTest.java:91) Execution ended in the Browser:firefox 
pageObject_Component.VerifyLoginLogout 2017-02-20 17:20:19,815 generics_component.BaseTest.closeFrameWork(BaseTest.java:73) Closing Framework 
pageObject_Component.VerifyLoginLogout 2017-02-20 17:22:25,207 generics_component.BaseTest.initFrameWork(BaseTest.java:59) Initializing Framework 
pageObject_Component.VerifyLoginLogout 2017-02-20 17:22:25,659 generics_component.BaseTest.initBrowser(BaseTest.java:82) Execution started in the Browser:firefox 
pageObject_Component.VerifyLoginLogout 2017-02-20 17:22:25,668 generics_component.BaseTest.initApplication(BaseTest.java:99) Opening Application 
pageObject_Component.VerifyLoginLogout 2017-02-20 17:22:36,648 generics_component.BaseTest.preCondition(BaseTest.java:142) Explicit Login 
pageObject_Component.VerifyLoginLogout 2017-02-20 17:23:13,639 generics_component.BaseTest.postCondition(BaseTest.java:168) Explicit Logout 
pageObject_Component.VerifyLoginLogout 2017-02-20 17:23:13,653 generics_component.BaseTest.closeApplication(BaseTest.java:120) Closing Application 
pageObject_Component.VerifyLoginLogout 2017-02-20 17:23:15,545 generics_component.BaseTest.closeBrowser(BaseTest.java:91) Execution ended in the Browser:firefox 
pageObject_Component.VerifyLoginLogout 2017-02-20 17:23:15,646 generics_component.BaseTest.closeFrameWork(BaseTest.java:73) Closing Framework 
pageObject_Component.VerifyLoginLogout 2017-02-20 17:25:21,409 generics_component.BaseTest.initFrameWork(BaseTest.java:59) Initializing Framework 
pageObject_Component.VerifyLoginLogout 2017-02-20 17:25:21,865 generics_component.BaseTest.initBrowser(BaseTest.java:82) Execution started in the Browser:firefox 
pageObject_Component.VerifyLoginLogout 2017-02-20 17:25:21,874 generics_component.BaseTest.initApplication(BaseTest.java:99) Opening Application 
pageObject_Component.VerifyLoginLogout 2017-02-20 17:25:32,068 generics_component.BaseTest.preCondition(BaseTest.java:142) Explicit Login 
pageObject_Component.VerifyLoginLogout 2017-02-20 17:25:47,260 generics_component.BaseTest.postCondition(BaseTest.java:168) Explicit Logout 
pageObject_Component.VerifyLoginLogout 2017-02-20 17:25:47,279 generics_component.BaseTest.closeApplication(BaseTest.java:120) Closing Application 
pageObject_Component.VerifyLoginLogout 2017-02-20 17:25:49,044 generics_component.BaseTest.closeBrowser(BaseTest.java:91) Execution ended in the Browser:firefox 
pageObject_Component.VerifyLoginLogout 2017-02-20 17:25:49,102 generics_component.BaseTest.closeFrameWork(BaseTest.java:73) Closing Framework 
pageObject_Component.VerifyLoginLogout 2017-02-20 17:29:23,767 generics_component.BaseTest.initFrameWork(BaseTest.java:59) Initializing Framework 
pageObject_Component.VerifyLoginLogout 2017-02-20 17:29:24,242 generics_component.BaseTest.initBrowser(BaseTest.java:82) Execution started in the Browser:firefox 
pageObject_Component.VerifyLoginLogout 2017-02-20 17:29:24,251 generics_component.BaseTest.initApplication(BaseTest.java:99) Opening Application 
pageObject_Component.VerifyLoginLogout 2017-02-20 17:29:34,698 generics_component.BaseTest.preCondition(BaseTest.java:142) Explicit Login 
pageObject_Component.VerifyLoginLogout 2017-02-20 17:29:50,451 generics_component.BaseTest.postCondition(BaseTest.java:168) Explicit Logout 
pageObject_Component.VerifyLoginLogout 2017-02-20 17:29:50,454 generics_component.BaseTest.closeApplication(BaseTest.java:120) Closing Application 
pageObject_Component.VerifyLoginLogout 2017-02-20 17:29:52,887 generics_component.BaseTest.closeBrowser(BaseTest.java:91) Execution ended in the Browser:firefox 
pageObject_Component.VerifyLoginLogout 2017-02-20 17:29:53,294 generics_component.BaseTest.closeFrameWork(BaseTest.java:73) Closing Framework 
pageObject_Component.VerifyLoginLogout 2017-02-20 17:43:01,732 generics_component.BaseTest.initFrameWork(BaseTest.java:59) Initializing Framework 
pageObject_Component.VerifyLoginLogout 2017-02-20 17:43:02,145 generics_component.BaseTest.initBrowser(BaseTest.java:82) Execution started in the Browser:firefox 
pageObject_Component.VerifyLoginLogout 2017-02-20 17:43:02,154 generics_component.BaseTest.initApplication(BaseTest.java:99) Opening Application 
pageObject_Component.VerifyLoginLogout 2017-02-20 17:43:12,807 generics_component.BaseTest.preCondition(BaseTest.java:142) Explicit Login 
pageObject_Component.VerifyLoginLogout 2017-02-20 17:43:28,443 generics_component.BaseTest.postCondition(BaseTest.java:168) Explicit Logout 
pageObject_Component.VerifyLoginLogout 2017-02-20 17:43:28,447 generics_component.BaseTest.closeApplication(BaseTest.java:120) Closing Application 
pageObject_Component.VerifyLoginLogout 2017-02-20 17:43:30,905 generics_component.BaseTest.closeBrowser(BaseTest.java:91) Execution ended in the Browser:firefox 
pageObject_Component.VerifyLoginLogout 2017-02-20 17:43:31,094 generics_component.BaseTest.closeFrameWork(BaseTest.java:73) Closing Framework 
pageObject_Component.VerifyLoginLogout 2017-02-20 17:44:27,623 generics_component.BaseTest.initFrameWork(Unknown Source) Initializing Framework 
pageObject_Component.VerifyLoginLogout 2017-02-20 17:44:28,094 generics_component.BaseTest.initBrowser(Unknown Source) Execution started in the Browser:firefox 
pageObject_Component.VerifyLoginLogout 2017-02-20 17:44:28,115 generics_component.BaseTest.initApplication(Unknown Source) Opening Application 
pageObject_Component.VerifyLoginLogout 2017-02-20 17:45:59,707 generics_component.BaseTest.initFrameWork(Unknown Source) Initializing Framework 
pageObject_Component.VerifyLoginLogout 2017-02-20 17:46:00,222 generics_component.BaseTest.initBrowser(Unknown Source) Execution started in the Browser:firefox 
pageObject_Component.VerifyLoginLogout 2017-02-20 17:46:00,242 generics_component.BaseTest.initApplication(Unknown Source) Opening Application 
pageObject_Component.VerifyLoginLogout 2017-02-20 17:46:54,611 generics_component.BaseTest.initFrameWork(BaseTest.java:59) Initializing Framework 
pageObject_Component.VerifyLoginLogout 2017-02-20 17:46:55,116 generics_component.BaseTest.initBrowser(BaseTest.java:82) Execution started in the Browser:firefox 
pageObject_Component.VerifyLoginLogout 2017-02-20 17:46:55,128 generics_component.BaseTest.initApplication(BaseTest.java:99) Opening Application 
pageObject_Component.VerifyLoginLogout 2017-02-20 17:47:05,582 generics_component.BaseTest.preCondition(BaseTest.java:142) Explicit Login 
pageObject_Component.VerifyLoginLogout 2017-02-20 17:47:21,017 generics_component.BaseTest.postCondition(BaseTest.java:168) Explicit Logout 
pageObject_Component.VerifyLoginLogout 2017-02-20 17:47:21,022 generics_component.BaseTest.closeApplication(BaseTest.java:120) Closing Application 
pageObject_Component.VerifyLoginLogout 2017-02-20 17:47:21,810 generics_component.BaseTest.closeBrowser(BaseTest.java:91) Execution ended in the Browser:firefox 
pageObject_Component.VerifyLoginLogout 2017-02-20 17:47:21,879 generics_component.BaseTest.closeFrameWork(BaseTest.java:73) Closing Framework 
pageObject_Component.VerifyLoginLogout 2017-02-21 13:02:15,166 generics_component.BaseTest.initFrameWork(BaseTest.java:59) Initializing Framework 
pageObject_Component.VerifyLoginLogout 2017-02-21 13:02:15,697 generics_component.BaseTest.initBrowser(BaseTest.java:82) Execution started in the Browser:firefox 
pageObject_Component.VerifyLoginLogout 2017-02-21 13:02:15,709 generics_component.BaseTest.initApplication(BaseTest.java:99) Opening Application 
pageObject_Component.VerifyLoginLogout 2017-02-21 13:02:32,893 generics_component.BaseTest.preCondition(BaseTest.java:142) Explicit Login 
pageObject_Component.VerifyLoginLogout 2017-02-21 13:02:48,851 generics_component.BaseTest.postCondition(BaseTest.java:168) Explicit Logout 
pageObject_Component.VerifyLoginLogout 2017-02-21 13:02:48,855 generics_component.BaseTest.closeApplication(BaseTest.java:120) Closing Application 
pageObject_Component.VerifyLoginLogout 2017-02-21 13:02:52,024 generics_component.BaseTest.closeBrowser(BaseTest.java:91) Execution ended in the Browser:firefox 
pageObject_Component.VerifyLoginLogout 2017-02-21 13:02:52,444 generics_component.BaseTest.closeFrameWork(BaseTest.java:73) Closing Framework 
pageObject_Component.VerifyLoginLogout 2017-02-21 16:33:41,030 generics_component.BaseTest.initFrameWork(BaseTest.java:59) Initializing Framework 
pageObject_Component.VerifyLoginLogout 2017-02-21 16:33:41,538 generics_component.BaseTest.initBrowser(BaseTest.java:82) Execution started in the Browser:firefox 
pageObject_Component.VerifyLoginLogout 2017-02-21 16:33:41,549 generics_component.BaseTest.initApplication(BaseTest.java:99) Opening Application 
pageObject_Component.VerifyLoginLogout 2017-02-21 16:33:59,415 generics_component.BaseTest.preCondition(BaseTest.java:142) Explicit Login 
pageObject_Component.VerifyLoginLogout 2017-02-21 16:34:15,451 generics_component.BaseTest.postCondition(BaseTest.java:168) Explicit Logout 
pageObject_Component.VerifyLoginLogout 2017-02-21 16:34:15,455 generics_component.BaseTest.closeApplication(BaseTest.java:120) Closing Application 
pageObject_Component.VerifyLoginLogout 2017-02-21 16:34:17,502 generics_component.BaseTest.closeBrowser(BaseTest.java:91) Execution ended in the Browser:firefox 
pageObject_Component.VerifyLoginLogout 2017-02-21 16:34:17,620 generics_component.BaseTest.closeFrameWork(BaseTest.java:73) Closing Framework 
pageObject_Component.VerifyLoginLogout 2017-02-21 16:34:37,896 generics_component.BaseTest.initFrameWork(Unknown Source) Initializing Framework 
pageObject_Component.VerifyLoginLogout 2017-02-21 16:34:38,335 generics_component.BaseTest.initBrowser(Unknown Source) Execution started in the Browser:firefox 
pageObject_Component.VerifyLoginLogout 2017-02-21 16:34:38,350 generics_component.BaseTest.initApplication(Unknown Source) Opening Application 
pageObject_Component.VerifyLoginLogout 2017-02-21 16:36:28,236 generics_component.BaseTest.initFrameWork(BaseTest.java:59) Initializing Framework 
pageObject_Component.VerifyLoginLogout 2017-02-21 16:36:28,698 generics_component.BaseTest.initBrowser(BaseTest.java:82) Execution started in the Browser:firefox 
pageObject_Component.VerifyLoginLogout 2017-02-21 16:36:28,706 generics_component.BaseTest.initApplication(BaseTest.java:99) Opening Application 
pageObject_Component.VerifyLoginLogout 2017-02-21 16:36:39,323 generics_component.BaseTest.preCondition(BaseTest.java:142) Explicit Login 
pageObject_Component.VerifyLoginLogout 2017-02-21 16:36:54,487 generics_component.BaseTest.postCondition(BaseTest.java:168) Explicit Logout 
pageObject_Component.VerifyLoginLogout 2017-02-21 16:36:54,503 generics_component.BaseTest.closeApplication(BaseTest.java:120) Closing Application 
pageObject_Component.VerifyLoginLogout 2017-02-21 16:36:56,381 generics_component.BaseTest.closeBrowser(BaseTest.java:91) Execution ended in the Browser:firefox 
pageObject_Component.VerifyLoginLogout 2017-02-21 16:36:56,449 generics_component.BaseTest.closeFrameWork(BaseTest.java:73) Closing Framework 
pageObject_Component.VerifyLoginLogout 2017-02-21 16:37:37,667 generics_component.BaseTest.initFrameWork(BaseTest.java:59) Initializing Framework 
pageObject_Component.VerifyLoginLogout 2017-02-21 16:37:38,122 generics_component.BaseTest.initBrowser(BaseTest.java:82) Execution started in the Browser:chrome 
pageObject_Component.VerifyLoginLogout 2017-02-21 16:37:38,131 generics_component.BaseTest.initApplication(BaseTest.java:99) Opening Application 
pageObject_Component.VerifyLoginLogout 2017-02-21 16:37:45,019 generics_component.BaseTest.preCondition(BaseTest.java:142) Explicit Login 
pageObject_Component.VerifyLoginLogout 2017-02-21 16:38:02,103 generics_component.BaseTest.postCondition(BaseTest.java:168) Explicit Logout 
pageObject_Component.VerifyLoginLogout 2017-02-21 16:38:02,108 generics_component.BaseTest.closeApplication(BaseTest.java:120) Closing Application 
pageObject_Component.VerifyLoginLogout 2017-02-21 16:38:03,389 generics_component.BaseTest.closeBrowser(BaseTest.java:91) Execution ended in the Browser:chrome 
pageObject_Component.VerifyLoginLogout 2017-02-21 16:38:03,456 generics_component.BaseTest.closeFrameWork(BaseTest.java:73) Closing Framework 
pageObject_Component.VerifyLoginLogout 2017-02-21 16:38:25,481 generics_component.BaseTest.initFrameWork(Unknown Source) Initializing Framework 
pageObject_Component.VerifyLoginLogout 2017-02-21 16:38:25,918 generics_component.BaseTest.initBrowser(Unknown Source) Execution started in the Browser:chrome 
pageObject_Component.VerifyLoginLogout 2017-02-21 16:38:25,931 generics_component.BaseTest.initApplication(Unknown Source) Opening Application 
pageObject_Component.VerifyLoginLogout 2017-02-21 16:41:19,763 generics_component.BaseTest.initFrameWork(Unknown Source) Initializing Framework 
pageObject_Component.VerifyLoginLogout 2017-02-21 16:41:20,092 generics_component.BaseTest.initBrowser(Unknown Source) Execution started in the Browser:chrome 
pageObject_Component.VerifyLoginLogout 2017-02-21 16:41:20,099 generics_component.BaseTest.initApplication(Unknown Source) Opening Application 
pageObject_Component.VerifyLoginLogout 2017-02-21 16:45:20,488 generics_component.BaseTest.initFrameWork(BaseTest.java:59) Initializing Framework 
pageObject_Component.VerifyLoginLogout 2017-02-21 16:45:20,955 generics_component.BaseTest.initBrowser(BaseTest.java:82) Execution started in the Browser:chrome 
pageObject_Component.VerifyLoginLogout 2017-02-21 16:45:20,968 generics_component.BaseTest.initApplication(BaseTest.java:99) Opening Application 
pageObject_Component.VerifyLoginLogout 2017-02-21 16:45:27,041 generics_component.BaseTest.preCondition(BaseTest.java:142) Explicit Login 
pageObject_Component.VerifyLoginLogout 2017-02-21 16:45:42,058 generics_component.BaseTest.postCondition(BaseTest.java:168) Explicit Logout 
pageObject_Component.VerifyLoginLogout 2017-02-21 16:45:42,062 generics_component.BaseTest.closeApplication(BaseTest.java:120) Closing Application 
pageObject_Component.VerifyLoginLogout 2017-02-21 16:45:45,650 generics_component.BaseTest.closeBrowser(BaseTest.java:91) Execution ended in the Browser:chrome 
pageObject_Component.VerifyLoginLogout 2017-02-21 16:45:46,298 generics_component.BaseTest.closeFrameWork(BaseTest.java:73) Closing Framework 
pageObject_Component.VerifyLoginLogout 2017-02-21 16:46:15,663 generics_component.BaseTest.initFrameWork(Unknown Source) Initializing Framework 
pageObject_Component.VerifyLoginLogout 2017-02-21 16:46:16,126 generics_component.BaseTest.initBrowser(Unknown Source) Execution started in the Browser:chrome 
pageObject_Component.VerifyLoginLogout 2017-02-21 16:46:16,142 generics_component.BaseTest.initApplication(Unknown Source) Opening Application 
pageObject_Component.VerifyLoginLogout 2017-02-21 16:50:27,222 generics_component.BaseTest.initFrameWork(Unknown Source) Initializing Framework 
pageObject_Component.VerifyLoginLogout 2017-02-21 16:50:27,692 generics_component.BaseTest.initBrowser(Unknown Source) Execution started in the Browser:chrome 
pageObject_Component.VerifyLoginLogout 2017-02-21 16:50:27,703 generics_component.BaseTest.initApplication(Unknown Source) Opening Application 
pageObject_Component.VerifyLoginLogout 2017-02-21 16:51:04,000 generics_component.BaseTest.initFrameWork(Unknown Source) Initializing Framework 
pageObject_Component.VerifyLoginLogout 2017-02-21 16:51:04,458 generics_component.BaseTest.initBrowser(Unknown Source) Execution started in the Browser:firefox 
pageObject_Component.VerifyLoginLogout 2017-02-21 16:51:04,469 generics_component.BaseTest.initApplication(Unknown Source) Opening Application 
